<?xml version="1.0" encoding="UTF-8"?>
<!-- Generated by org.testng.reporters.JUnitReportReporter -->
<testsuite hostname="DESKTOP-QOFSAVQ" name="mavendemofinal.Demo" tests="1" failures="0" timestamp="27 Aug 2019 11:41:30 GMT" time="0.014" errors="0">
  <testcase name="get2" time="0.014" classname="mavendemofinal.Demo"/>
</testsuite> <!-- mavendemofinal.Demo -->
